<?xml version="1.0" encoding="UTF-8"?>
<!-- Generated by org.testng.reporters.JUnitReportReporter -->
<testsuite hostname="USPUNKAINGAL12" failures="0" tests="1" name="com.api.tests.TC_02_Assign2_AuthorizationTest" time="1.006" errors="0" timestamp="2025-07-23T10:39:39 IST" skipped="0">
  <testcase classname="com.api.tests.TC_02_Assign2_AuthorizationTest" name="verifyAuthorizationTest" time="1.006"/>
</testsuite> <!-- com.api.tests.TC_02_Assign2_AuthorizationTest -->
