<?xml version="1.0" encoding="UTF-8"?>
<!-- Generated by org.testng.reporters.JUnitReportReporter -->
<testsuite hostname="USPUNKAINGAL12" failures="0" tests="4" name="com.api.tests.TC_01_Assign1_CrudUserTest" time="7.368" errors="0" timestamp="2025-07-16T14:30:48 IST" skipped="0">
  <testcase classname="com.api.tests.TC_01_Assign1_CrudUserTest" name="createUserTest" time="4.974"/>
  <testcase classname="com.api.tests.TC_01_Assign1_CrudUserTest" name="readUserById" time="0.128"/>
  <testcase classname="com.api.tests.TC_01_Assign1_CrudUserTest" name="updateUserTest" time="1.289"/>
  <testcase classname="com.api.tests.TC_01_Assign1_CrudUserTest" name="deleteUserTest" time="0.977"/>
</testsuite> <!-- com.api.tests.TC_01_Assign1_CrudUserTest -->
