<?xml version="1.0" encoding="UTF-8"?>
<!-- Generated by org.testng.reporters.JUnitReportReporter -->
<testsuite hostname="USPUNKAINGAL12" failures="0" tests="4" name="com.api.tests.UserTests" time="5.837" errors="0" timestamp="2025-07-13T15:18:06 IST" skipped="0">
  <testcase classname="com.api.tests.UserTests" name="createUserTest" time="3.740"/>
  <testcase classname="com.api.tests.UserTests" name="readUserById" time="0.129"/>
  <testcase classname="com.api.tests.UserTests" name="updateUserTest" time="0.983"/>
  <testcase classname="com.api.tests.UserTests" name="deleteUserTest" time="0.985"/>
</testsuite> <!-- com.api.tests.UserTests -->
