<?xml version="1.0" encoding="UTF-8"?>
<!-- Generated by org.testng.reporters.JUnitReportReporter -->
<testsuite hostname="USPUNKAINGAL12" failures="0" tests="1" name="com.api.tests.TC_04_Assign4_QueryParamTest" time="0.134" errors="0" timestamp="2025-07-23T10:39:39 IST" skipped="0">
  <testcase classname="com.api.tests.TC_04_Assign4_QueryParamTest" name="verifyAuthorizationTest" time="0.134"/>
</testsuite> <!-- com.api.tests.TC_04_Assign4_QueryParamTest -->
