<?xml version="1.0" encoding="UTF-8"?>
<!-- Generated by org.testng.reporters.JUnitReportReporter -->
<testsuite hostname="USPUNKAINGAL12" failures="0" tests="1" name="com.api.tests.TC_01_Assign1_CrudUserTest" time="4.043" errors="0" timestamp="2025-07-16T19:17:44 IST" skipped="0">
  <testcase classname="com.api.tests.TC_01_Assign1_CrudUserTest" name="createUserTest" time="4.043"/>
</testsuite> <!-- com.api.tests.TC_01_Assign1_CrudUserTest -->
