<?xml version="1.0" encoding="UTF-8"?>
<!-- Generated by org.testng.reporters.JUnitReportReporter -->
<testsuite hostname="USPUNKAINGAL12" failures="0" tests="1" name="com.api.tests.TC_05_Assign5_CustomHeaderAndCookiesTest" time="2.012" errors="0" timestamp="2025-07-16T10:02:19 IST" skipped="0">
  <testcase classname="com.api.tests.TC_05_Assign5_CustomHeaderAndCookiesTest" name="verifyAuthorizationTest" time="2.012"/>
</testsuite> <!-- com.api.tests.TC_05_Assign5_CustomHeaderAndCookiesTest -->
