<?xml version="1.0" encoding="UTF-8"?>
<!-- Generated by org.testng.reporters.JUnitReportReporter -->
<testsuite hostname="USPUNKAINGAL12" failures="0" tests="3" name="com.api.tests.TC_03_Assign3_CreateUsersDDTest" time="2.621" errors="0" timestamp="2025-07-16T14:30:48 IST" skipped="0">
  <testcase classname="com.api.tests.TC_03_Assign3_CreateUsersDDTest" name="createUsersDataDriven" time="0.783"/>
  <testcase classname="com.api.tests.TC_03_Assign3_CreateUsersDDTest" name="createUsersDataDriven" time="0.301"/>
  <testcase classname="com.api.tests.TC_03_Assign3_CreateUsersDDTest" name="createUsersDataDriven" time="1.537"/>
</testsuite> <!-- com.api.tests.TC_03_Assign3_CreateUsersDDTest -->
