<?xml version="1.0" encoding="UTF-8"?>
<!-- Generated by org.testng.reporters.JUnitReportReporter -->
<testsuite hostname="USPUNKAINGAL12" failures="0" tests="3" name="com.api.tests.TC_03_Assign3_CreateUsersDDTest" time="2.604" errors="0" timestamp="2025-07-16T19:06:32 IST" skipped="0">
  <testcase classname="com.api.tests.TC_03_Assign3_CreateUsersDDTest" name="createUsersDataDriven" time="0.747"/>
  <testcase classname="com.api.tests.TC_03_Assign3_CreateUsersDDTest" name="createUsersDataDriven" time="0.704"/>
  <testcase classname="com.api.tests.TC_03_Assign3_CreateUsersDDTest" name="createUsersDataDriven" time="1.153"/>
</testsuite> <!-- com.api.tests.TC_03_Assign3_CreateUsersDDTest -->
