<?xml version="1.0" encoding="UTF-8"?>
<!-- Generated by org.testng.reporters.JUnitReportReporter -->
<testsuite hostname="USPUNKAINGAL12" failures="0" tests="1" name="com.api.tests.TC_08_Assign8_JsonSchemaValidationTest" time="0.411" errors="0" timestamp="2025-07-23T10:39:39 IST" skipped="0">
  <testcase classname="com.api.tests.TC_08_Assign8_JsonSchemaValidationTest" name="validateUsersJsonSchemaFromFile" time="0.411"/>
</testsuite> <!-- com.api.tests.TC_08_Assign8_JsonSchemaValidationTest -->
