<?xml version="1.0" encoding="UTF-8"?>
<!-- Generated by org.testng.reporters.JUnitReportReporter -->
<testsuite hostname="USPUNKAINGAL12" failures="0" tests="3" name="com.api.tests.TC_03_Assign3_CreateUsersDDTest" time="2.233" errors="0" timestamp="2025-07-23T10:39:39 IST" skipped="0">
  <testcase classname="com.api.tests.TC_03_Assign3_CreateUsersDDTest" name="createUsersDataDriven" time="0.781"/>
  <testcase classname="com.api.tests.TC_03_Assign3_CreateUsersDDTest" name="createUsersDataDriven" time="0.705"/>
  <testcase classname="com.api.tests.TC_03_Assign3_CreateUsersDDTest" name="createUsersDataDriven" time="0.747"/>
</testsuite> <!-- com.api.tests.TC_03_Assign3_CreateUsersDDTest -->
